# JRE version: Java(TM) SE Runtime Environment (8.0_73-b02) (build 1.8.0_73-b02)
# Java VM: Java HotSpot(TM) 64-Bit Server VM (25.73-b02 mixed mode windows-amd64 compressed oops)
Heap:
 PSYoungGen      total 162304K, used 50737K [0x00000000e0000000, 0x00000000ecc00000, 0x0000000100000000)
  eden space 144896K, 23% used [0x00000000e0000000,0x00000000e2094510,0x00000000e8d80000)
  from space 17408K, 99% used [0x00000000ea500000,0x00000000eb5f8208,0x00000000eb600000)
  to   space 24064K, 0% used [0x00000000e8d80000,0x00000000e8d80000,0x00000000ea500000)
 ParOldGen       total 57344K, used 35961K [0x00000000a0000000, 0x00000000a3800000, 0x00000000e0000000)
  object space 57344K, 62% used [0x00000000a0000000,0x00000000a231e4e8,0x00000000a3800000)
 Metaspace       used 55400K, capacity 57588K, committed 57688K, reserved 1099776K
  class space    used 7758K, capacity 8227K, committed 8320K, reserved 1048576K
GC Heap History (10 events):
Event: 33.724 GC heap before
{Heap before GC invocations=10 (full 1):
 PSYoungGen      total 108032K, used 51303K [0x00000000e0000000, 0x00000000e7580000, 0x0000000100000000)
  eden space 99840K, 44% used [0x00000000e0000000,0x00000000e2b22390,0x00000000e6180000)
  from space 8192K, 87% used [0x00000000e6d80000,0x00000000e7477b60,0x00000000e7580000)
  to   space 10240K, 0% used [0x00000000e6180000,0x00000000e6180000,0x00000000e6b80000)
 ParOldGen       total 39936K, used 12694K [0x00000000a0000000, 0x00000000a2700000, 0x00000000e0000000)
  object space 39936K, 31% used [0x00000000a0000000,0x00000000a0c65a28,0x00000000a2700000)
 Metaspace       used 34625K, capacity 35296K, committed 35416K, reserved 1079296K
  class space    used 4755K, capacity 4939K, committed 4992K, reserved 1048576K
Event: 33.762 GC heap after
Heap after GC invocations=10 (full 1):
 PSYoungGen      total 110080K, used 10231K [0x00000000e0000000, 0x00000000e9600000, 0x0000000100000000)
  eden space 99840K, 0% used [0x00000000e0000000,0x00000000e0000000,0x00000000e6180000)
  from space 10240K, 99% used [0x00000000e6180000,0x00000000e6b7de28,0x00000000e6b80000)
  to   space 11776K, 0% used [0x00000000e8a80000,0x00000000e8a80000,0x00000000e9600000)
 ParOldGen       total 39936K, used 13274K [0x00000000a0000000, 0x00000000a2700000, 0x00000000e0000000)
  object space 39936K, 33% used [0x00000000a0000000,0x00000000a0cf6910,0x00000000a2700000)
 Metaspace       used 34625K, capacity 35296K, committed 35416K, reserved 1079296K
  class space    used 4755K, capacity 4939K, committed 4992K, reserved 1048576K
}
Event: 33.762 GC heap before
{Heap before GC invocations=11 (full 2):
 PSYoungGen      total 110080K, used 10231K [0x00000000e0000000, 0x00000000e9600000, 0x0000000100000000)
  eden space 99840K, 0% used [0x00000000e0000000,0x00000000e0000000,0x00000000e6180000)
  from space 10240K, 99% used [0x00000000e6180000,0x00000000e6b7de28,0x00000000e6b80000)
  to   space 11776K, 0% used [0x00000000e8a80000,0x00000000e8a80000,0x00000000e9600000)
 ParOldGen       total 39936K, used 13274K [0x00000000a0000000, 0x00000000a2700000, 0x00000000e0000000)
  object space 39936K, 33% used [0x00000000a0000000,0x00000000a0cf6910,0x00000000a2700000)
 Metaspace       used 34625K, capacity 35296K, committed 35416K, reserved 1079296K
  class space    used 4755K, capacity 4939K, committed 4992K, reserved 1048576K
Event: 34.154 GC heap after
Heap after GC invocations=11 (full 2):
 PSYoungGen      total 110080K, used 0K [0x00000000e0000000, 0x00000000e9600000, 0x0000000100000000)
  eden space 99840K, 0% used [0x00000000e0000000,0x00000000e0000000,0x00000000e6180000)
  from space 10240K, 0% used [0x00000000e6180000,0x00000000e6180000,0x00000000e6b80000)
  to   space 11776K, 0% used [0x00000000e8a80000,0x00000000e8a80000,0x00000000e9600000)
 ParOldGen       total 57344K, used 17346K [0x00000000a0000000, 0x00000000a3800000, 0x00000000e0000000)
  object space 57344K, 30% used [0x00000000a0000000,0x00000000a10f08a8,0x00000000a3800000)
 Metaspace       used 34625K, capacity 35296K, committed 35416K, reserved 1079296K
  class space    used 4755K, capacity 4939K, committed 4992K, reserved 1048576K
}
Event: 46.035 GC heap before
{Heap before GC invocations=12 (full 2):
 PSYoungGen      total 110080K, used 99840K [0x00000000e0000000, 0x00000000e9600000, 0x0000000100000000)
  eden space 99840K, 100% used [0x00000000e0000000,0x00000000e6180000,0x00000000e6180000)
  from space 10240K, 0% used [0x00000000e6180000,0x00000000e6180000,0x00000000e6b80000)
  to   space 11776K, 0% used [0x00000000e8a80000,0x00000000e8a80000,0x00000000e9600000)
 ParOldGen       total 57344K, used 17346K [0x00000000a0000000, 0x00000000a3800000, 0x00000000e0000000)
  object space 57344K, 30% used [0x00000000a0000000,0x00000000a10f08a8,0x00000000a3800000)
 Metaspace       used 42867K, capacity 43854K, committed 43992K, reserved 1087488K
  class space    used 5885K, capacity 6095K, committed 6144K, reserved 1048576K
Event: 46.117 GC heap after
Heap after GC invocations=12 (full 2):
 PSYoungGen      total 134656K, used 10483K [0x00000000e0000000, 0x00000000e9500000, 0x0000000100000000)
  eden space 123904K, 0% used [0x00000000e0000000,0x00000000e0000000,0x00000000e7900000)
  from space 10752K, 97% used [0x00000000e8a80000,0x00000000e94bcdc8,0x00000000e9500000)
  to   space 12800K, 0% used [0x00000000e7c00000,0x00000000e7c00000,0x00000000e8880000)
 ParOldGen       total 57344K, used 17354K [0x00000000a0000000, 0x00000000a3800000, 0x00000000e0000000)
  object space 57344K, 30% used [0x00000000a0000000,0x00000000a10f28a8,0x00000000a3800000)
 Metaspace       used 42867K, capacity 43854K, committed 43992K, reserved 1087488K
  class space    used 5885K, capacity 6095K, committed 6144K, reserved 1048576K
}
Event: 59.928 GC heap before
{Heap before GC invocations=13 (full 2):
 PSYoungGen      total 134656K, used 134387K [0x00000000e0000000, 0x00000000e9500000, 0x0000000100000000)
  eden space 123904K, 100% used [0x00000000e0000000,0x00000000e7900000,0x00000000e7900000)
  from space 10752K, 97% used [0x00000000e8a80000,0x00000000e94bcdc8,0x00000000e9500000)
  to   space 12800K, 0% used [0x00000000e7c00000,0x00000000e7c00000,0x00000000e8880000)
 ParOldGen       total 57344K, used 17354K [0x00000000a0000000, 0x00000000a3800000, 0x00000000e0000000)
  object space 57344K, 30% used [0x00000000a0000000,0x00000000a10f28a8,0x00000000a3800000)
 Metaspace       used 50259K, capacity 51720K, committed 52056K, reserved 1093632K
  class space    used 6895K, capacity 7194K, committed 7296K, reserved 1048576K
Event: 59.993 GC heap after
Heap after GC invocations=13 (full 2):
 PSYoungGen      total 139776K, used 12768K [0x00000000e0000000, 0x00000000eb600000, 0x0000000100000000)
  eden space 126976K, 0% used [0x00000000e0000000,0x00000000e0000000,0x00000000e7c00000)
  from space 12800K, 99% used [0x00000000e7c00000,0x00000000e8878028,0x00000000e8880000)
  to   space 17408K, 0% used [0x00000000ea500000,0x00000000ea500000,0x00000000eb600000)
 ParOldGen       total 57344K, used 25171K [0x00000000a0000000, 0x00000000a3800000, 0x00000000e0000000)
  object space 57344K, 43% used [0x00000000a0000000,0x00000000a1894f68,0x00000000a3800000)
 Metaspace       used 50259K, capacity 51720K, committed 52056K, reserved 1093632K
  class space    used 6895K, capacity 7194K, committed 7296K, reserved 1048576K
}
Event: 67.513 GC heap before
{Heap before GC invocations=14 (full 2):
 PSYoungGen      total 139776K, used 139744K [0x00000000e0000000, 0x00000000eb600000, 0x0000000100000000)
  eden space 126976K, 100% used [0x00000000e0000000,0x00000000e7c00000,0x00000000e7c00000)
  from space 12800K, 99% used [0x00000000e7c00000,0x00000000e8878028,0x00000000e8880000)
  to   space 17408K, 0% used [0x00000000ea500000,0x00000000ea500000,0x00000000eb600000)
 ParOldGen       total 57344K, used 25171K [0x00000000a0000000, 0x00000000a3800000, 0x00000000e0000000)
  object space 57344K, 43% used [0x00000000a0000000,0x00000000a1894f68,0x00000000a3800000)
 Metaspace       used 53838K, capacity 55556K, committed 55768K, reserved 1097728K
  class space    used 7473K, capacity 7832K, committed 7936K, reserved 1048576K
Event: 67.655 GC heap after
Heap after GC invocations=14 (full 2):
 PSYoungGen      total 162304K, used 17376K [0x00000000e0000000, 0x00000000ecc00000, 0x0000000100000000)
  eden space 144896K, 0% used [0x00000000e0000000,0x00000000e0000000,0x00000000e8d80000)
  from space 17408K, 99% used [0x00000000ea500000,0x00000000eb5f8208,0x00000000eb600000)
  to   space 24064K, 0% used [0x00000000e8d80000,0x00000000e8d80000,0x00000000ea500000)
 ParOldGen       total 57344K, used 35961K [0x00000000a0000000, 0x00000000a3800000, 0x00000000e0000000)
  object space 57344K, 62% used [0x00000000a0000000,0x00000000a231e4e8,0x00000000a3800000)
 Metaspace       used 53838K, capacity 55556K, committed 55768K, reserved 1097728K
  class space    used 7473K, capacity 7832K, committed 7936K, reserved 1048576K
}

